Arguments: 
  C:\Program Files\nodejs\node.exe C:\Program Files (x86)\Yarn\bin\yarn.js add react-slick

PATH: 
  C:\Users\Vitalijus\bin;C:\Program Files\Git\mingw64\bin;C:\Program Files\Git\usr\local\bin;C:\Program Files\Git\usr\bin;C:\Program Files\Git\usr\bin;C:\Program Files\Git\mingw64\bin;C:\Program Files\Git\usr\bin;C:\Users\Vitalijus\bin;C:\Program Files (x86)\Common Files\Oracle\Java\javapath;C:\ProgramData\Oracle\Java\javapath;C:\Windows\system32;C:\Windows;C:\Windows\System32\Wbem;C:\Windows\System32\WindowsPowerShell\v1.0;C:\Program Files\ThinkPad\Bluetooth Software;C:\Program Files\ThinkPad\Bluetooth Software\syswow64;C:\Program Files\Intel\WiFi\bin;C:\Program Files\Common Files\Intel\WirelessCommon;C:\xampp\php;C:\ProgramData\ComposerSetup\bin;C:\Program Files\Java\jdk1.8.0_144\bin;C:\Program Files\nodejs;C:\Program Files\Git\cmd;C:\Program Files (x86)\Yarn\bin;C:\Program Files\MySQL\MySQL Utilities 1.6;C:\Program Files\Intel\WiFi\bin;C:\Program Files\Common Files\Intel\WirelessCommon;C:\Exercism;C:\Users\Vitalijus\AppData\Roaming\Composer\vendor\bin;C:\Users\Vitalijus\AppData\Roaming\npm;C:\Users\Vitalijus\AppData\Local\GitHubDesktop\bin;C:\Program Files\Heroku\bin;C:\Users\Vitalijus\AppData\Local\Yarn\bin;C:\Program Files\Git\usr\bin\vendor_perl;C:\Program Files\Git\usr\bin\core_perl

Yarn version: 
  1.3.2

Node version: 
  8.9.3

Platform: 
  win32 x64

npm manifest: 
  {
    "name": "wp-api-react",
    "version": "1.0.0",
    "description": "",
    "main": "index.js",
    "scripts": {
      "test": "echo \"Error: no test specified\" && exit 1",
      "start": "webpack-dev-server --inline --progress --config webpack.dev.js",
      "build": "npm run clean && webpack -p --progress --config webpack.production.js",
      "clean": "rimraf ./build/*"
    },
    "author": "",
    "license": "ISC",
    "dependencies": {
      "alt": "^0.18.6",
      "axios": "^0.16.2",
      "babel-polyfill": "^6.23.0",
      "babel-runtime": "^6.23.0",
      "jquery": "^3.3.1",
      "lodash": "^4.17.4",
      "react": "^15.5.4",
      "react-dom": "^15.5.4",
      "react-router-dom": "^4.1.1"
    },
    "devDependencies": {
      "babel-core": "^6.24.1",
      "babel-loader": "^7.0.0",
      "babel-plugin-transform-runtime": "^6.23.0",
      "babel-preset-es2015": "^6.24.1",
      "babel-preset-react": "^6.24.1",
      "babel-preset-stage-0": "^6.24.1",
      "css-loader": "^1.0.0",
      "html-webpack-plugin": "^2.28.0",
      "node-sass": "^4.9.3",
      "react-hot-loader": "^1.3.1",
      "rimraf": "^2.6.1",
      "sass-loader": "^7.1.0",
      "style-loader": "^0.22.1",
      "webpack": "^2.7.0",
      "webpack-dev-server": "^2.4.5"
    }
  }

yarn manifest: 
  No manifest

Lockfile: 
  No lockfile

Trace: 
  Error: EPERM: operation not permitted, lstat 'C:\xampp\htdocs\wp-api-react-master\node_modules\webpack-dev-server\client\sockjs.bundle.js'
